<?xml version="1.0" encoding="UTF-8"?>
<robot generator="Robot 4.0.3 (Python 3.9.5 on darwin)" generated="20210611 16:11:12.085" rpa="false" schemaversion="2">
<suite id="s1" name="TestCases" source="/Users/hsreekum/PycharmProjects/DAMrobotAutomationframeworkone/TestCases">
<suite id="s1-s1" name="Assetnavigationtests" source="/Users/hsreekum/PycharmProjects/DAMrobotAutomationframeworkone/TestCases/Assetnavigationtests">
<suite id="s1-s1-s1" name="Publicationnavigation" source="/Users/hsreekum/PycharmProjects/DAMrobotAutomationframeworkone/TestCases/Assetnavigationtests/Publicationnavigation.robot">
<test id="s1-s1-s1-t1" name="Publicationnavigationtest">
<kw name="Start TestCase" library="CommonFunctionality" type="SETUP">
<kw name="Open Browser" library="SeleniumLibrary">
<arg>https://google.com</arg>
<arg>headlesschrome</arg>
<doc>Opens a new browser instance to the optional ``url``.</doc>
<msg timestamp="20210611 16:11:12.417" level="INFO">Opening browser 'headlesschrome' to base url 'https://google.com'.</msg>
<status status="PASS" starttime="20210611 16:11:12.417" endtime="20210611 16:11:15.719"/>
</kw>
<kw name="Maximize Browser Window" library="SeleniumLibrary">
<doc>Maximizes current browser window.</doc>
<status status="PASS" starttime="20210611 16:11:15.721" endtime="20210611 16:11:15.828"/>
</kw>
<status status="PASS" starttime="20210611 16:11:12.416" endtime="20210611 16:11:15.829"/>
</kw>
<kw name="Open my url" library="LoginKeywords">
<arg>${SiteUrl}</arg>
<kw name="Go To" library="SeleniumLibrary">
<arg>${SiteUrl}</arg>
<doc>Navigates the current browser window to the provided ``url``.</doc>
<msg timestamp="20210611 16:11:15.831" level="INFO">Opening url 'https://emea-staging.cnidam.com'</msg>
<status status="PASS" starttime="20210611 16:11:15.831" endtime="20210611 16:11:18.785"/>
</kw>
<kw name="Maximize Browser Window" library="SeleniumLibrary">
<doc>Maximizes current browser window.</doc>
<status status="PASS" starttime="20210611 16:11:18.786" endtime="20210611 16:11:18.843"/>
</kw>
<status status="PASS" starttime="20210611 16:11:15.830" endtime="20210611 16:11:18.844"/>
</kw>
<kw name="Enter UserName" library="LoginKeywords">
<arg>${user}</arg>
<kw name="Wait Until Page Contains Element" library="SeleniumLibrary">
<arg>${txt_loginUserName_lctr}</arg>
<arg>timeout=30s</arg>
<doc>Waits until the element ``locator`` appears on the current page.</doc>
<status status="PASS" starttime="20210611 16:11:18.846" endtime="20210611 16:11:18.865"/>
</kw>
<kw name="Input Text" library="SeleniumLibrary">
<arg>${txt_loginUserName_lctr}</arg>
<arg>${username}</arg>
<doc>Types the given ``text`` into the text field identified by ``locator``.</doc>
<msg timestamp="20210611 16:11:18.867" level="INFO">Typing text 'uk-wired-piced@condenast.com' into text field 'id:idp-discovery-username'.</msg>
<status status="PASS" starttime="20210611 16:11:18.866" endtime="20210611 16:11:18.987"/>
</kw>
<kw name="Click Button" library="SeleniumLibrary">
<arg>${submitbutton_lctr}</arg>
<doc>Clicks the button identified by ``locator``.</doc>
<msg timestamp="20210611 16:11:18.988" level="INFO">Clicking button 'id:idp-discovery-submit'.</msg>
<status status="PASS" starttime="20210611 16:11:18.988" endtime="20210611 16:11:19.049"/>
</kw>
<status status="PASS" starttime="20210611 16:11:18.845" endtime="20210611 16:11:19.050"/>
</kw>
<kw name="Enter Password" library="LoginKeywords">
<arg>${pwd}</arg>
<kw name="Wait Until Page Contains Element" library="SeleniumLibrary">
<arg>${txt_loginps_lctr}</arg>
<arg>timeout=30s</arg>
<doc>Waits until the element ``locator`` appears on the current page.</doc>
<status status="PASS" starttime="20210611 16:11:19.051" endtime="20210611 16:11:20.520"/>
</kw>
<kw name="Input Text" library="SeleniumLibrary">
<arg>${txt_loginps_lctr}</arg>
<arg>${password}</arg>
<doc>Types the given ``text`` into the text field identified by ``locator``.</doc>
<msg timestamp="20210611 16:11:20.521" level="INFO">Typing text 'Tuesday2020!*' into text field 'class:password-with-toggle'.</msg>
<status status="PASS" starttime="20210611 16:11:20.520" endtime="20210611 16:11:20.575"/>
</kw>
<status status="PASS" starttime="20210611 16:11:19.050" endtime="20210611 16:11:20.575"/>
</kw>
<kw name="Click Verify" library="LoginKeywords">
<kw name="Wait Until Page Contains Element" library="SeleniumLibrary">
<arg>${txt_verify_lctr}</arg>
<arg>timeout=30s</arg>
<doc>Waits until the element ``locator`` appears on the current page.</doc>
<status status="PASS" starttime="20210611 16:11:20.576" endtime="20210611 16:11:20.584"/>
</kw>
<kw name="Click Button" library="SeleniumLibrary">
<arg>${txt_verify_lctr}</arg>
<doc>Clicks the button identified by ``locator``.</doc>
<msg timestamp="20210611 16:11:20.584" level="INFO">Clicking button 'css:input[class='button button-primary']'.</msg>
<status status="PASS" starttime="20210611 16:11:20.584" endtime="20210611 16:11:20.631"/>
</kw>
<status status="PASS" starttime="20210611 16:11:20.576" endtime="20210611 16:11:20.632"/>
</kw>
<kw name="Sleep" library="BuiltIn">
<arg>7s</arg>
<doc>Pauses the test executed for the given time.</doc>
<status status="FAIL" starttime="20210611 16:11:20.633" endtime="20210611 16:11:26.817"/>
</kw>
<kw name="Get Title" library="SeleniumLibrary">
<var>${act_title}</var>
<doc>Returns the title of the current page.</doc>
<status status="NOT RUN" starttime="20210611 16:11:26.819" endtime="20210611 16:11:26.819"/>
</kw>
<kw name="Run Keyword If" library="BuiltIn">
<arg>'${act_title}' == 'Staging EMEA | Welcome to AEM'</arg>
<arg>Verify successful login</arg>
<arg>ELSE</arg>
<arg>Verify unsuccessful login</arg>
<doc>Runs the given keyword with the given arguments, if ``condition`` is true.</doc>
<status status="NOT RUN" starttime="20210611 16:11:26.820" endtime="20210611 16:11:26.821"/>
</kw>
<kw name="Go to Publications tab" library="PublicationsearchKeywords">
<status status="NOT RUN" starttime="20210611 16:11:26.821" endtime="20210611 16:11:26.822"/>
</kw>
<kw name="Select All editions" library="Publicationsnavigationkeywords">
<status status="NOT RUN" starttime="20210611 16:11:26.823" endtime="20210611 16:11:26.823"/>
</kw>
<kw name="Check Publicationsmarket" library="Publicationsnavigationkeywords">
<status status="NOT RUN" starttime="20210611 16:11:26.824" endtime="20210611 16:11:26.825"/>
</kw>
<kw name="Select Publicationsmarket" library="Publicationsnavigationkeywords">
<status status="NOT RUN" starttime="20210611 16:11:26.826" endtime="20210611 16:11:26.826"/>
</kw>
<kw name="Check Publicationstitle" library="Publicationsnavigationkeywords">
<status status="NOT RUN" starttime="20210611 16:11:26.826" endtime="20210611 16:11:26.827"/>
</kw>
<kw name="Select PublicationsTitle" library="Publicationsnavigationkeywords">
<status status="NOT RUN" starttime="20210611 16:11:26.827" endtime="20210611 16:11:26.827"/>
</kw>
<kw name="Select Publicationsyear" library="Publicationsnavigationkeywords">
<status status="NOT RUN" starttime="20210611 16:11:26.828" endtime="20210611 16:11:26.828"/>
</kw>
<kw name="Select Publications issuename" library="Publicationsnavigationkeywords">
<status status="NOT RUN" starttime="20210611 16:11:26.829" endtime="20210611 16:11:26.830"/>
</kw>
<kw name="Select Publications layoutname" library="Publicationsnavigationkeywords">
<status status="NOT RUN" starttime="20210611 16:11:26.831" endtime="20210611 16:11:26.831"/>
</kw>
<kw name="Select Publicationspdfname" library="Publicationsnavigationkeywords">
<status status="NOT RUN" starttime="20210611 16:11:26.831" endtime="20210611 16:11:26.832"/>
</kw>
<kw name="Check layout thumbnail" library="Publicationsnavigationkeywords">
<status status="NOT RUN" starttime="20210611 16:11:26.833" endtime="20210611 16:11:26.833"/>
</kw>
<kw name="Check Downloadlayoutlink is present" library="Publicationsnavigationkeywords">
<status status="NOT RUN" starttime="20210611 16:11:26.834" endtime="20210611 16:11:26.834"/>
</kw>
<kw name="Check Pages pane is present" library="Publicationsnavigationkeywords">
<status status="NOT RUN" starttime="20210611 16:11:26.834" endtime="20210611 16:11:26.835"/>
</kw>
<kw name="Check Assets pane is present" library="Publicationsnavigationkeywords">
<status status="NOT RUN" starttime="20210611 16:11:26.835" endtime="20210611 16:11:26.836"/>
</kw>
<kw name="Finish TestCase" library="CommonFunctionality" type="TEARDOWN">
<kw name="Close All Browsers" library="SeleniumLibrary">
<doc>Closes all open browsers and resets the browser cache.</doc>
<msg timestamp="20210611 16:11:26.841" level="WARN">Retrying (Retry(total=2, connect=None, read=None, redirect=None, status=None)) after connection broken by 'NewConnectionError('&lt;urllib3.connection.HTTPConnection object at 0x10d3ac7c0&gt;: Failed to establish a new connection: [Errno 61] Connection refused')': /session/8f370143bdaa1ee28fea2c55fee80803</msg>
<msg timestamp="20210611 16:11:26.842" level="WARN">Retrying (Retry(total=1, connect=None, read=None, redirect=None, status=None)) after connection broken by 'NewConnectionError('&lt;urllib3.connection.HTTPConnection object at 0x10d3e3ca0&gt;: Failed to establish a new connection: [Errno 61] Connection refused')': /session/8f370143bdaa1ee28fea2c55fee80803</msg>
<msg timestamp="20210611 16:11:26.843" level="WARN">Retrying (Retry(total=0, connect=None, read=None, redirect=None, status=None)) after connection broken by 'NewConnectionError('&lt;urllib3.connection.HTTPConnection object at 0x10d3e3a30&gt;: Failed to establish a new connection: [Errno 61] Connection refused')': /session/8f370143bdaa1ee28fea2c55fee80803</msg>
<status status="PASS" starttime="20210611 16:11:26.838" endtime="20210611 16:11:26.854"/>
</kw>
<status status="PASS" starttime="20210611 16:11:26.837" endtime="20210611 16:11:26.856"/>
</kw>
<tag>Smoke</tag>
<status status="FAIL" starttime="20210611 16:11:12.416" endtime="20210611 16:11:26.856">Execution terminated by signal</status>
</test>
<status status="FAIL" starttime="20210611 16:11:12.244" endtime="20210611 16:11:26.861"/>
</suite>
<status status="FAIL" starttime="20210611 16:11:12.243" endtime="20210611 16:11:26.870"/>
</suite>
<status status="FAIL" starttime="20210611 16:11:12.224" endtime="20210611 16:11:26.873"/>
</suite>
<statistics>
<total>
<stat pass="0" fail="1" skip="0">All Tests</stat>
</total>
<tag>
<stat pass="0" fail="1" skip="0">Smoke</stat>
</tag>
<suite>
<stat pass="0" fail="1" skip="0" id="s1" name="TestCases">TestCases</stat>
<stat pass="0" fail="1" skip="0" id="s1-s1" name="Assetnavigationtests">TestCases.Assetnavigationtests</stat>
<stat pass="0" fail="1" skip="0" id="s1-s1-s1" name="Publicationnavigation">TestCases.Assetnavigationtests.Publicationnavigation</stat>
</suite>
</statistics>
<errors>
<msg timestamp="20210611 16:11:26.841" level="WARN">Retrying (Retry(total=2, connect=None, read=None, redirect=None, status=None)) after connection broken by 'NewConnectionError('&lt;urllib3.connection.HTTPConnection object at 0x10d3ac7c0&gt;: Failed to establish a new connection: [Errno 61] Connection refused')': /session/8f370143bdaa1ee28fea2c55fee80803</msg>
<msg timestamp="20210611 16:11:26.842" level="WARN">Retrying (Retry(total=1, connect=None, read=None, redirect=None, status=None)) after connection broken by 'NewConnectionError('&lt;urllib3.connection.HTTPConnection object at 0x10d3e3ca0&gt;: Failed to establish a new connection: [Errno 61] Connection refused')': /session/8f370143bdaa1ee28fea2c55fee80803</msg>
<msg timestamp="20210611 16:11:26.843" level="WARN">Retrying (Retry(total=0, connect=None, read=None, redirect=None, status=None)) after connection broken by 'NewConnectionError('&lt;urllib3.connection.HTTPConnection object at 0x10d3e3a30&gt;: Failed to establish a new connection: [Errno 61] Connection refused')': /session/8f370143bdaa1ee28fea2c55fee80803</msg>
</errors>
</robot>
