<?xml version="1.0" encoding="UTF-8"?>
<robot generator="Robot 4.0.3 (Python 3.9.5 on darwin)" generated="20210611 16:11:12.085" rpa="false" schemaversion="2">
<suite id="s1" name="TestCases" source="/Users/hsreekum/PycharmProjects/DAMrobotAutomationframeworkone/TestCases">
<suite id="s1-s1" name="Assetnavigationtests" source="/Users/hsreekum/PycharmProjects/DAMrobotAutomationframeworkone/TestCases/Assetnavigationtests">
<suite id="s1-s1-s1" name="Differentmarketpublicassetnavigationtest" source="/Users/hsreekum/PycharmProjects/DAMrobotAutomationframeworkone/TestCases/Assetnavigationtests/Differentmarketpublicassetnavigationtest.robot">
<test id="s1-s1-s1-t1" name="DifferentmarketPublicassetnavigationtest using tw-gq-ebt2@condenast.com.tw and -c44QRUTng_y2y-">
<kw name="Start TestCase" library="CommonFunctionality" type="SETUP">
<kw name="Open Browser" library="SeleniumLibrary">
<arg>https://google.com</arg>
<arg>headlesschrome</arg>
<doc>Opens a new browser instance to the optional ``url``.</doc>
<msg timestamp="20210611 16:11:12.458" level="INFO">Opening browser 'headlesschrome' to base url 'https://google.com'.</msg>
<status status="PASS" starttime="20210611 16:11:12.457" endtime="20210611 16:11:15.570"/>
</kw>
<kw name="Maximize Browser Window" library="SeleniumLibrary">
<doc>Maximizes current browser window.</doc>
<status status="PASS" starttime="20210611 16:11:15.571" endtime="20210611 16:11:15.675"/>
</kw>
<status status="PASS" starttime="20210611 16:11:12.457" endtime="20210611 16:11:15.676"/>
</kw>
<kw name="DifferentmarketPublicassetnavigationtest">
<arg>https://apac-staging.cnidam.com</arg>
<arg>tw-gq-ebt2@condenast.com.tw</arg>
<arg>-c44QRUTng_y2y-</arg>
<arg>ebt</arg>
<tag>Smoke</tag>
<kw name="Open my url" library="LoginKeywords">
<arg>${SiteUrl}</arg>
<kw name="Go To" library="SeleniumLibrary">
<arg>${SiteUrl}</arg>
<doc>Navigates the current browser window to the provided ``url``.</doc>
<msg timestamp="20210611 16:11:15.677" level="INFO">Opening url 'https://apac-staging.cnidam.com'</msg>
<status status="PASS" starttime="20210611 16:11:15.677" endtime="20210611 16:11:18.663"/>
</kw>
<kw name="Maximize Browser Window" library="SeleniumLibrary">
<doc>Maximizes current browser window.</doc>
<status status="PASS" starttime="20210611 16:11:18.664" endtime="20210611 16:11:18.716"/>
</kw>
<status status="PASS" starttime="20210611 16:11:15.677" endtime="20210611 16:11:18.716"/>
</kw>
<kw name="Enter UserName" library="LoginKeywords">
<arg>${username}</arg>
<kw name="Wait Until Page Contains Element" library="SeleniumLibrary">
<arg>${txt_loginUserName_lctr}</arg>
<arg>timeout=30s</arg>
<doc>Waits until the element ``locator`` appears on the current page.</doc>
<status status="PASS" starttime="20210611 16:11:18.717" endtime="20210611 16:11:18.734"/>
</kw>
<kw name="Input Text" library="SeleniumLibrary">
<arg>${txt_loginUserName_lctr}</arg>
<arg>${username}</arg>
<doc>Types the given ``text`` into the text field identified by ``locator``.</doc>
<msg timestamp="20210611 16:11:18.735" level="INFO">Typing text 'tw-gq-ebt2@condenast.com.tw' into text field 'id:idp-discovery-username'.</msg>
<status status="PASS" starttime="20210611 16:11:18.734" endtime="20210611 16:11:18.892"/>
</kw>
<kw name="Click Button" library="SeleniumLibrary">
<arg>${submitbutton_lctr}</arg>
<doc>Clicks the button identified by ``locator``.</doc>
<msg timestamp="20210611 16:11:18.894" level="INFO">Clicking button 'id:idp-discovery-submit'.</msg>
<status status="PASS" starttime="20210611 16:11:18.893" endtime="20210611 16:11:18.944"/>
</kw>
<status status="PASS" starttime="20210611 16:11:18.717" endtime="20210611 16:11:18.945"/>
</kw>
<kw name="Enter Password" library="LoginKeywords">
<arg>${password}</arg>
<kw name="Wait Until Page Contains Element" library="SeleniumLibrary">
<arg>${txt_loginps_lctr}</arg>
<arg>timeout=30s</arg>
<doc>Waits until the element ``locator`` appears on the current page.</doc>
<status status="PASS" starttime="20210611 16:11:18.946" endtime="20210611 16:11:20.436"/>
</kw>
<kw name="Input Text" library="SeleniumLibrary">
<arg>${txt_loginps_lctr}</arg>
<arg>${password}</arg>
<doc>Types the given ``text`` into the text field identified by ``locator``.</doc>
<msg timestamp="20210611 16:11:20.437" level="INFO">Typing text '-c44QRUTng_y2y-' into text field 'class:password-with-toggle'.</msg>
<status status="PASS" starttime="20210611 16:11:20.436" endtime="20210611 16:11:20.497"/>
</kw>
<status status="PASS" starttime="20210611 16:11:18.945" endtime="20210611 16:11:20.498"/>
</kw>
<kw name="Click Verify" library="LoginKeywords">
<kw name="Wait Until Page Contains Element" library="SeleniumLibrary">
<arg>${txt_verify_lctr}</arg>
<arg>timeout=30s</arg>
<doc>Waits until the element ``locator`` appears on the current page.</doc>
<status status="PASS" starttime="20210611 16:11:20.499" endtime="20210611 16:11:20.510"/>
</kw>
<kw name="Click Button" library="SeleniumLibrary">
<arg>${txt_verify_lctr}</arg>
<doc>Clicks the button identified by ``locator``.</doc>
<msg timestamp="20210611 16:11:20.511" level="INFO">Clicking button 'css:input[class='button button-primary']'.</msg>
<status status="PASS" starttime="20210611 16:11:20.511" endtime="20210611 16:11:20.552"/>
</kw>
<status status="PASS" starttime="20210611 16:11:20.498" endtime="20210611 16:11:20.552"/>
</kw>
<kw name="Check welcomemessage" library="LoginKeywords">
<arg>${username}</arg>
<kw name="Wait Until Page Contains Element" library="SeleniumLibrary">
<arg>${welcomemessage_lctr}</arg>
<arg>timeout=30s</arg>
<doc>Waits until the element ``locator`` appears on the current page.</doc>
<status status="PASS" starttime="20210611 16:11:20.553" endtime="20210611 16:11:23.044"/>
</kw>
<kw name="Element Should Contain" library="SeleniumLibrary">
<arg>${welcomemessage_lctr}</arg>
<arg>${usernameinput}</arg>
<doc>Verifies that element ``locator`` contains text ``expected``.</doc>
<msg timestamp="20210611 16:11:23.059" level="INFO">Element 'xpath://div[@id='welcome-message']' contains text 'tw-gq-ebt2@condenast.com.tw'.</msg>
<status status="PASS" starttime="20210611 16:11:23.044" endtime="20210611 16:11:23.059"/>
</kw>
<status status="PASS" starttime="20210611 16:11:20.553" endtime="20210611 16:11:23.060"/>
</kw>
<kw name="Get Title" library="SeleniumLibrary">
<var>${act_title}</var>
<doc>Returns the title of the current page.</doc>
<msg timestamp="20210611 16:11:23.064" level="INFO">${act_title} = Staging APAC | Welcome to AEM</msg>
<status status="PASS" starttime="20210611 16:11:23.061" endtime="20210611 16:11:23.064"/>
</kw>
<kw name="Run Keyword If" library="BuiltIn">
<arg>'${act_title}' == '${expectedpagetitle_emea}' and '${SiteUrl}' == '${expectedsiteurl_emea}' or '${act_title}' == '${expectedpagetitle_apac}' and '${SiteUrl}' == '${expectedsiteurl_apac}'</arg>
<arg>Verify successful login</arg>
<arg>ELSE</arg>
<arg>Verify unsuccessful login</arg>
<doc>Runs the given keyword with the given arguments, if ``condition`` is true.</doc>
<kw name="Verify successful login" library="LoginKeywords">
<kw name="Log" library="BuiltIn">
<arg>**********Login test is passed**********</arg>
<doc>Logs the given message with the given level.</doc>
<msg timestamp="20210611 16:11:23.066" level="INFO">**********Login test is passed**********</msg>
<status status="PASS" starttime="20210611 16:11:23.066" endtime="20210611 16:11:23.066"/>
</kw>
<kw name="Log Title" library="SeleniumLibrary">
<doc>Logs and returns the title of the current page.</doc>
<msg timestamp="20210611 16:11:23.069" level="INFO">Staging APAC | Welcome to AEM</msg>
<status status="PASS" starttime="20210611 16:11:23.067" endtime="20210611 16:11:23.070"/>
</kw>
<status status="PASS" starttime="20210611 16:11:23.066" endtime="20210611 16:11:23.070"/>
</kw>
<status status="PASS" starttime="20210611 16:11:23.065" endtime="20210611 16:11:23.070"/>
</kw>
<kw name="Run Keyword If" library="BuiltIn">
<arg>'${userrole}' == 'piced' or '${userrole}' == 'ebt'</arg>
<arg>Welcomepagetabscheck_ebtorpiced</arg>
<arg>ELSE</arg>
<arg>Welcomepagetabscheck_globaladmin</arg>
<doc>Runs the given keyword with the given arguments, if ``condition`` is true.</doc>
<kw name="Welcomepagetabscheck_ebtorpiced" library="LoginKeywords">
<kw name="Wait Until Page Contains Element" library="SeleniumLibrary">
<arg>${tabcontent_lctr}</arg>
<arg>timeout=30s</arg>
<doc>Waits until the element ``locator`` appears on the current page.</doc>
<status status="PASS" starttime="20210611 16:11:23.072" endtime="20210611 16:11:23.080"/>
</kw>
<kw name="Get Element Count" library="SeleniumLibrary">
<var>${AllTabsCount}</var>
<arg>${tabcontent_lctr}</arg>
<doc>Returns the number of elements matching ``locator``.</doc>
<msg timestamp="20210611 16:11:23.085" level="INFO">${AllTabsCount} = 8</msg>
<status status="PASS" starttime="20210611 16:11:23.080" endtime="20210611 16:11:23.085"/>
</kw>
<kw name="Get WebElements" library="SeleniumLibrary">
<var>@{TabItems}</var>
<arg>${tabcontent_lctr}</arg>
<doc>Returns a list of WebElement objects matching the ``locator``.</doc>
<msg timestamp="20210611 16:11:23.091" level="INFO">@{TabItems} = [ &lt;selenium.webdriver.remote.webelement.WebElement (session="e506ead23fc3bf5d7db8f53a75b0ac54", element="0baf67e3-d363-4da2-b1ee-facb9f885f8a")&gt; | &lt;selenium.webdriver.remote.webelement.WebElement (ses...</msg>
<status status="PASS" starttime="20210611 16:11:23.086" endtime="20210611 16:11:23.091"/>
</kw>
<kw name="Log" library="BuiltIn">
<arg>${AllTabsCount}</arg>
<doc>Logs the given message with the given level.</doc>
<msg timestamp="20210611 16:11:23.092" level="INFO">8</msg>
<status status="PASS" starttime="20210611 16:11:23.091" endtime="20210611 16:11:23.092"/>
</kw>
<for flavor="IN RANGE">
<var>${i}</var>
<value>0</value>
<value>${${AllTabsCount}}</value>
<iter>
<var name="${i}">0</var>
<kw name="Get Text" library="SeleniumLibrary">
<var>${TabText}</var>
<arg>${TabItems}[${i}]</arg>
<doc>Returns the text value of the element identified by ``locator``.</doc>
<msg timestamp="20210611 16:11:23.104" level="INFO">${TabText} = Images</msg>
<status status="PASS" starttime="20210611 16:11:23.095" endtime="20210611 16:11:23.104"/>
</kw>
<kw name="Log" library="BuiltIn">
<arg>${TabText}</arg>
<doc>Logs the given message with the given level.</doc>
<msg timestamp="20210611 16:11:23.105" level="INFO">Images</msg>
<status status="PASS" starttime="20210611 16:11:23.105" endtime="20210611 16:11:23.105"/>
</kw>
<kw name="Log" library="BuiltIn">
<arg>${welcomepagetabs}[${i}]</arg>
<doc>Logs the given message with the given level.</doc>
<msg timestamp="20210611 16:11:23.106" level="INFO">Images</msg>
<status status="PASS" starttime="20210611 16:11:23.106" endtime="20210611 16:11:23.107"/>
</kw>
<kw name="Run Keyword If" library="BuiltIn">
<arg>'${welcomepagetabs}[${i}]' == '${TabText}'</arg>
<arg>Log</arg>
<arg>pass</arg>
<arg>ELSE</arg>
<arg>FAIL</arg>
<arg>***Title mismatch***</arg>
<doc>Runs the given keyword with the given arguments, if ``condition`` is true.</doc>
<kw name="Log" library="BuiltIn">
<arg>pass</arg>
<doc>Logs the given message with the given level.</doc>
<msg timestamp="20210611 16:11:23.108" level="INFO">pass</msg>
<status status="PASS" starttime="20210611 16:11:23.108" endtime="20210611 16:11:23.108"/>
</kw>
<status status="PASS" starttime="20210611 16:11:23.107" endtime="20210611 16:11:23.109"/>
</kw>
<status status="PASS" starttime="20210611 16:11:23.095" endtime="20210611 16:11:23.109"/>
</iter>
<iter>
<var name="${i}">1</var>
<kw name="Get Text" library="SeleniumLibrary">
<var>${TabText}</var>
<arg>${TabItems}[${i}]</arg>
<doc>Returns the text value of the element identified by ``locator``.</doc>
<msg timestamp="20210611 16:11:23.118" level="INFO">${TabText} = Images - Touch UI</msg>
<status status="PASS" starttime="20210611 16:11:23.109" endtime="20210611 16:11:23.118"/>
</kw>
<kw name="Log" library="BuiltIn">
<arg>${TabText}</arg>
<doc>Logs the given message with the given level.</doc>
<msg timestamp="20210611 16:11:23.119" level="INFO">Images - Touch UI</msg>
<status status="PASS" starttime="20210611 16:11:23.119" endtime="20210611 16:11:23.119"/>
</kw>
<kw name="Log" library="BuiltIn">
<arg>${welcomepagetabs}[${i}]</arg>
<doc>Logs the given message with the given level.</doc>
<msg timestamp="20210611 16:11:23.120" level="INFO">Images - Touch UI</msg>
<status status="PASS" starttime="20210611 16:11:23.120" endtime="20210611 16:11:23.120"/>
</kw>
<kw name="Run Keyword If" library="BuiltIn">
<arg>'${welcomepagetabs}[${i}]' == '${TabText}'</arg>
<arg>Log</arg>
<arg>pass</arg>
<arg>ELSE</arg>
<arg>FAIL</arg>
<arg>***Title mismatch***</arg>
<doc>Runs the given keyword with the given arguments, if ``condition`` is true.</doc>
<kw name="Log" library="BuiltIn">
<arg>pass</arg>
<doc>Logs the given message with the given level.</doc>
<msg timestamp="20210611 16:11:23.122" level="INFO">pass</msg>
<status status="PASS" starttime="20210611 16:11:23.121" endtime="20210611 16:11:23.122"/>
</kw>
<status status="PASS" starttime="20210611 16:11:23.121" endtime="20210611 16:11:23.122"/>
</kw>
<status status="PASS" starttime="20210611 16:11:23.109" endtime="20210611 16:11:23.122"/>
</iter>
<iter>
<var name="${i}">2</var>
<kw name="Get Text" library="SeleniumLibrary">
<var>${TabText}</var>
<arg>${TabItems}[${i}]</arg>
<doc>Returns the text value of the element identified by ``locator``.</doc>
<msg timestamp="20210611 16:11:23.131" level="INFO">${TabText} = Publications</msg>
<status status="PASS" starttime="20210611 16:11:23.123" endtime="20210611 16:11:23.132"/>
</kw>
<kw name="Log" library="BuiltIn">
<arg>${TabText}</arg>
<doc>Logs the given message with the given level.</doc>
<msg timestamp="20210611 16:11:23.132" level="INFO">Publications</msg>
<status status="PASS" starttime="20210611 16:11:23.132" endtime="20210611 16:11:23.133"/>
</kw>
<kw name="Log" library="BuiltIn">
<arg>${welcomepagetabs}[${i}]</arg>
<doc>Logs the given message with the given level.</doc>
<msg timestamp="20210611 16:11:23.133" level="INFO">Publications</msg>
<status status="PASS" starttime="20210611 16:11:23.133" endtime="20210611 16:11:23.133"/>
</kw>
<kw name="Run Keyword If" library="BuiltIn">
<arg>'${welcomepagetabs}[${i}]' == '${TabText}'</arg>
<arg>Log</arg>
<arg>pass</arg>
<arg>ELSE</arg>
<arg>FAIL</arg>
<arg>***Title mismatch***</arg>
<doc>Runs the given keyword with the given arguments, if ``condition`` is true.</doc>
<kw name="Log" library="BuiltIn">
<arg>pass</arg>
<doc>Logs the given message with the given level.</doc>
<msg timestamp="20210611 16:11:23.135" level="INFO">pass</msg>
<status status="PASS" starttime="20210611 16:11:23.135" endtime="20210611 16:11:23.135"/>
</kw>
<status status="PASS" starttime="20210611 16:11:23.134" endtime="20210611 16:11:23.135"/>
</kw>
<status status="PASS" starttime="20210611 16:11:23.123" endtime="20210611 16:11:23.136"/>
</iter>
<iter>
<var name="${i}">3</var>
<kw name="Get Text" library="SeleniumLibrary">
<var>${TabText}</var>
<arg>${TabItems}[${i}]</arg>
<doc>Returns the text value of the element identified by ``locator``.</doc>
<msg timestamp="20210611 16:11:23.145" level="INFO">${TabText} = Content creators contracts</msg>
<status status="PASS" starttime="20210611 16:11:23.136" endtime="20210611 16:11:23.145"/>
</kw>
<kw name="Log" library="BuiltIn">
<arg>${TabText}</arg>
<doc>Logs the given message with the given level.</doc>
<msg timestamp="20210611 16:11:23.146" level="INFO">Content creators contracts</msg>
<status status="PASS" starttime="20210611 16:11:23.146" endtime="20210611 16:11:23.146"/>
</kw>
<kw name="Log" library="BuiltIn">
<arg>${welcomepagetabs}[${i}]</arg>
<doc>Logs the given message with the given level.</doc>
<msg timestamp="20210611 16:11:23.147" level="INFO">Content creators contracts</msg>
<status status="PASS" starttime="20210611 16:11:23.147" endtime="20210611 16:11:23.147"/>
</kw>
<kw name="Run Keyword If" library="BuiltIn">
<arg>'${welcomepagetabs}[${i}]' == '${TabText}'</arg>
<arg>Log</arg>
<arg>pass</arg>
<arg>ELSE</arg>
<arg>FAIL</arg>
<arg>***Title mismatch***</arg>
<doc>Runs the given keyword with the given arguments, if ``condition`` is true.</doc>
<kw name="Log" library="BuiltIn">
<arg>pass</arg>
<doc>Logs the given message with the given level.</doc>
<msg timestamp="20210611 16:11:23.149" level="INFO">pass</msg>
<status status="PASS" starttime="20210611 16:11:23.149" endtime="20210611 16:11:23.149"/>
</kw>
<status status="PASS" starttime="20210611 16:11:23.148" endtime="20210611 16:11:23.149"/>
</kw>
<status status="PASS" starttime="20210611 16:11:23.136" endtime="20210611 16:11:23.150"/>
</iter>
<iter>
<var name="${i}">4</var>
<kw name="Get Text" library="SeleniumLibrary">
<var>${TabText}</var>
<arg>${TabItems}[${i}]</arg>
<doc>Returns the text value of the element identified by ``locator``.</doc>
<msg timestamp="20210611 16:11:23.159" level="INFO">${TabText} = Videos</msg>
<status status="PASS" starttime="20210611 16:11:23.150" endtime="20210611 16:11:23.159"/>
</kw>
<kw name="Log" library="BuiltIn">
<arg>${TabText}</arg>
<doc>Logs the given message with the given level.</doc>
<msg timestamp="20210611 16:11:23.161" level="INFO">Videos</msg>
<status status="PASS" starttime="20210611 16:11:23.160" endtime="20210611 16:11:23.161"/>
</kw>
<kw name="Log" library="BuiltIn">
<arg>${welcomepagetabs}[${i}]</arg>
<doc>Logs the given message with the given level.</doc>
<msg timestamp="20210611 16:11:23.162" level="INFO">Videos</msg>
<status status="PASS" starttime="20210611 16:11:23.161" endtime="20210611 16:11:23.162"/>
</kw>
<kw name="Run Keyword If" library="BuiltIn">
<arg>'${welcomepagetabs}[${i}]' == '${TabText}'</arg>
<arg>Log</arg>
<arg>pass</arg>
<arg>ELSE</arg>
<arg>FAIL</arg>
<arg>***Title mismatch***</arg>
<doc>Runs the given keyword with the given arguments, if ``condition`` is true.</doc>
<kw name="Log" library="BuiltIn">
<arg>pass</arg>
<doc>Logs the given message with the given level.</doc>
<msg timestamp="20210611 16:11:23.163" level="INFO">pass</msg>
<status status="PASS" starttime="20210611 16:11:23.163" endtime="20210611 16:11:23.163"/>
</kw>
<status status="PASS" starttime="20210611 16:11:23.162" endtime="20210611 16:11:23.164"/>
</kw>
<status status="PASS" starttime="20210611 16:11:23.150" endtime="20210611 16:11:23.164"/>
</iter>
<iter>
<var name="${i}">5</var>
<kw name="Get Text" library="SeleniumLibrary">
<var>${TabText}</var>
<arg>${TabItems}[${i}]</arg>
<doc>Returns the text value of the element identified by ``locator``.</doc>
<msg timestamp="20210611 16:11:23.177" level="INFO">${TabText} = Syndication after publication</msg>
<status status="PASS" starttime="20210611 16:11:23.164" endtime="20210611 16:11:23.177"/>
</kw>
<kw name="Log" library="BuiltIn">
<arg>${TabText}</arg>
<doc>Logs the given message with the given level.</doc>
<msg timestamp="20210611 16:11:23.179" level="INFO">Syndication after publication</msg>
<status status="PASS" starttime="20210611 16:11:23.178" endtime="20210611 16:11:23.179"/>
</kw>
<kw name="Log" library="BuiltIn">
<arg>${welcomepagetabs}[${i}]</arg>
<doc>Logs the given message with the given level.</doc>
<msg timestamp="20210611 16:11:23.180" level="INFO">Syndication after publication</msg>
<status status="PASS" starttime="20210611 16:11:23.179" endtime="20210611 16:11:23.180"/>
</kw>
<kw name="Run Keyword If" library="BuiltIn">
<arg>'${welcomepagetabs}[${i}]' == '${TabText}'</arg>
<arg>Log</arg>
<arg>pass</arg>
<arg>ELSE</arg>
<arg>FAIL</arg>
<arg>***Title mismatch***</arg>
<doc>Runs the given keyword with the given arguments, if ``condition`` is true.</doc>
<kw name="Log" library="BuiltIn">
<arg>pass</arg>
<doc>Logs the given message with the given level.</doc>
<msg timestamp="20210611 16:11:23.181" level="INFO">pass</msg>
<status status="PASS" starttime="20210611 16:11:23.181" endtime="20210611 16:11:23.181"/>
</kw>
<status status="PASS" starttime="20210611 16:11:23.180" endtime="20210611 16:11:23.182"/>
</kw>
<status status="PASS" starttime="20210611 16:11:23.164" endtime="20210611 16:11:23.182"/>
</iter>
<iter>
<var name="${i}">6</var>
<kw name="Get Text" library="SeleniumLibrary">
<var>${TabText}</var>
<arg>${TabItems}[${i}]</arg>
<doc>Returns the text value of the element identified by ``locator``.</doc>
<msg timestamp="20210611 16:11:23.193" level="INFO">${TabText} = Syndication before publication</msg>
<status status="PASS" starttime="20210611 16:11:23.183" endtime="20210611 16:11:23.193"/>
</kw>
<kw name="Log" library="BuiltIn">
<arg>${TabText}</arg>
<doc>Logs the given message with the given level.</doc>
<msg timestamp="20210611 16:11:23.195" level="INFO">Syndication before publication</msg>
<status status="PASS" starttime="20210611 16:11:23.194" endtime="20210611 16:11:23.195"/>
</kw>
<kw name="Log" library="BuiltIn">
<arg>${welcomepagetabs}[${i}]</arg>
<doc>Logs the given message with the given level.</doc>
<msg timestamp="20210611 16:11:23.196" level="INFO">Syndication before publication</msg>
<status status="PASS" starttime="20210611 16:11:23.195" endtime="20210611 16:11:23.196"/>
</kw>
<kw name="Run Keyword If" library="BuiltIn">
<arg>'${welcomepagetabs}[${i}]' == '${TabText}'</arg>
<arg>Log</arg>
<arg>pass</arg>
<arg>ELSE</arg>
<arg>FAIL</arg>
<arg>***Title mismatch***</arg>
<doc>Runs the given keyword with the given arguments, if ``condition`` is true.</doc>
<kw name="Log" library="BuiltIn">
<arg>pass</arg>
<doc>Logs the given message with the given level.</doc>
<msg timestamp="20210611 16:11:23.198" level="INFO">pass</msg>
<status status="PASS" starttime="20210611 16:11:23.197" endtime="20210611 16:11:23.198"/>
</kw>
<status status="PASS" starttime="20210611 16:11:23.197" endtime="20210611 16:11:23.198"/>
</kw>
<status status="PASS" starttime="20210611 16:11:23.183" endtime="20210611 16:11:23.198"/>
</iter>
<iter>
<var name="${i}">7</var>
<kw name="Get Text" library="SeleniumLibrary">
<var>${TabText}</var>
<arg>${TabItems}[${i}]</arg>
<doc>Returns the text value of the element identified by ``locator``.</doc>
<msg timestamp="20210611 16:11:23.220" level="INFO">${TabText} = Inbox</msg>
<status status="PASS" starttime="20210611 16:11:23.199" endtime="20210611 16:11:23.220"/>
</kw>
<kw name="Log" library="BuiltIn">
<arg>${TabText}</arg>
<doc>Logs the given message with the given level.</doc>
<msg timestamp="20210611 16:11:23.221" level="INFO">Inbox</msg>
<status status="PASS" starttime="20210611 16:11:23.221" endtime="20210611 16:11:23.221"/>
</kw>
<kw name="Log" library="BuiltIn">
<arg>${welcomepagetabs}[${i}]</arg>
<doc>Logs the given message with the given level.</doc>
<msg timestamp="20210611 16:11:23.222" level="INFO">Inbox</msg>
<status status="PASS" starttime="20210611 16:11:23.222" endtime="20210611 16:11:23.222"/>
</kw>
<kw name="Run Keyword If" library="BuiltIn">
<arg>'${welcomepagetabs}[${i}]' == '${TabText}'</arg>
<arg>Log</arg>
<arg>pass</arg>
<arg>ELSE</arg>
<arg>FAIL</arg>
<arg>***Title mismatch***</arg>
<doc>Runs the given keyword with the given arguments, if ``condition`` is true.</doc>
<kw name="Log" library="BuiltIn">
<arg>pass</arg>
<doc>Logs the given message with the given level.</doc>
<msg timestamp="20210611 16:11:23.224" level="INFO">pass</msg>
<status status="PASS" starttime="20210611 16:11:23.224" endtime="20210611 16:11:23.224"/>
</kw>
<status status="PASS" starttime="20210611 16:11:23.223" endtime="20210611 16:11:23.225"/>
</kw>
<status status="PASS" starttime="20210611 16:11:23.199" endtime="20210611 16:11:23.225"/>
</iter>
<status status="PASS" starttime="20210611 16:11:23.092" endtime="20210611 16:11:23.226"/>
</for>
<status status="PASS" starttime="20210611 16:11:23.071" endtime="20210611 16:11:23.226"/>
</kw>
<status status="PASS" starttime="20210611 16:11:23.071" endtime="20210611 16:11:23.227"/>
</kw>
<kw name="Go to images page" library="BasicsearchKeywords">
<kw name="Wait Until Page Contains Element" library="SeleniumLibrary">
<arg>${Imagestabicon_lctr}</arg>
<arg>timeout=30s</arg>
<doc>Waits until the element ``locator`` appears on the current page.</doc>
<status status="PASS" starttime="20210611 16:11:23.227" endtime="20210611 16:11:23.235"/>
</kw>
<kw name="Click Element" library="SeleniumLibrary">
<arg>${Imagestabicon_lctr}</arg>
<doc>Click the element identified by ``locator``.</doc>
<msg timestamp="20210611 16:11:23.236" level="INFO">Clicking element 'xpath://div[@class='icon damadmin']'.</msg>
<kw name="Capture Page Screenshot" library="SeleniumLibrary">
<doc>Takes a screenshot of the current page and embeds it into a log file.</doc>
<status status="FAIL" starttime="20210611 16:11:26.817" endtime="20210611 16:11:26.818"/>
</kw>
<msg timestamp="20210611 16:11:26.819" level="WARN">Keyword 'Capture Page Screenshot' could not be run on failure: Execution terminated by signal</msg>
<status status="FAIL" starttime="20210611 16:11:23.236" endtime="20210611 16:11:26.820"/>
</kw>
<status status="FAIL" starttime="20210611 16:11:23.227" endtime="20210611 16:11:26.822"/>
</kw>
<kw name="Go to CNIfolder" library="Differentmarketpublicassetnavigationkeywords">
<status status="NOT RUN" starttime="20210611 16:11:26.823" endtime="20210611 16:11:26.823"/>
</kw>
<kw name="Go to Marketfolder" library="Differentmarketpublicassetnavigationkeywords">
<status status="NOT RUN" starttime="20210611 16:11:26.825" endtime="20210611 16:11:26.826"/>
</kw>
<kw name="Go to Titlefolder" library="Differentmarketpublicassetnavigationkeywords">
<status status="NOT RUN" starttime="20210611 16:11:26.828" endtime="20210611 16:11:26.829"/>
</kw>
<kw name="Check whether Commissioned, Non-Commissioned, Studio folders not acessible" library="Differentmarketpublicassetnavigationkeywords">
<status status="NOT RUN" starttime="20210611 16:11:26.830" endtime="20210611 16:11:26.830"/>
</kw>
<kw name="Go to diff_Public folder" library="Differentmarketpublicassetnavigationkeywords">
<status status="NOT RUN" starttime="20210611 16:11:26.831" endtime="20210611 16:11:26.831"/>
</kw>
<kw name="Go to year folder" library="Differentmarketpublicassetnavigationkeywords">
<status status="NOT RUN" starttime="20210611 16:11:26.832" endtime="20210611 16:11:26.832"/>
</kw>
<kw name="Go to section folder" library="Differentmarketpublicassetnavigationkeywords">
<status status="NOT RUN" starttime="20210611 16:11:26.833" endtime="20210611 16:11:26.833"/>
</kw>
<kw name="Go to print folder" library="Differentmarketpublicassetnavigationkeywords">
<status status="NOT RUN" starttime="20210611 16:11:26.834" endtime="20210611 16:11:26.834"/>
</kw>
<kw name="Go to layout parent folder" library="Differentmarketpublicassetnavigationkeywords">
<status status="NOT RUN" starttime="20210611 16:11:26.834" endtime="20210611 16:11:26.835"/>
</kw>
<kw name="Go to layout child folder" library="Differentmarketpublicassetnavigationkeywords">
<status status="NOT RUN" starttime="20210611 16:11:26.835" endtime="20210611 16:11:26.836"/>
</kw>
<kw name="Go to assetfolder" library="Differentmarketpublicassetnavigationkeywords">
<status status="NOT RUN" starttime="20210611 16:11:26.836" endtime="20210611 16:11:26.837"/>
</kw>
<kw name="Go to unknownfolder" library="Differentmarketpublicassetnavigationkeywords">
<status status="NOT RUN" starttime="20210611 16:11:26.837" endtime="20210611 16:11:26.838"/>
</kw>
<kw name="Go to ingestedfolder" library="Differentmarketpublicassetnavigationkeywords">
<status status="NOT RUN" starttime="20210611 16:11:26.838" endtime="20210611 16:11:26.839"/>
</kw>
<kw name="Go to asset" library="Differentmarketpublicassetnavigationkeywords">
<status status="NOT RUN" starttime="20210611 16:11:26.839" endtime="20210611 16:11:26.840"/>
</kw>
<kw name="Check asset thumbnail" library="Differentmarketpublicassetnavigationkeywords">
<status status="NOT RUN" starttime="20210611 16:11:26.840" endtime="20210611 16:11:26.840"/>
</kw>
<kw name="Check productiondigitallink is present on trunk" library="Differentmarketpublicassetnavigationkeywords">
<status status="NOT RUN" starttime="20210611 16:11:26.841" endtime="20210611 16:11:26.841"/>
</kw>
<kw name="Check downloadoriginalrenditionlink is present on trunk" library="Differentmarketpublicassetnavigationkeywords">
<status status="NOT RUN" starttime="20210611 16:11:26.842" endtime="20210611 16:11:26.842"/>
</kw>
<kw name="Expand branch" library="Differentmarketpublicassetnavigationkeywords">
<status status="NOT RUN" starttime="20210611 16:11:26.843" endtime="20210611 16:11:26.843"/>
</kw>
<kw name="Check branch thumbnail" library="Differentmarketpublicassetnavigationkeywords">
<status status="NOT RUN" starttime="20210611 16:11:26.844" endtime="20210611 16:11:26.844"/>
</kw>
<kw name="Check downloadproductionlink is present on branch" library="Differentmarketpublicassetnavigationkeywords">
<status status="NOT RUN" starttime="20210611 16:11:26.845" endtime="20210611 16:11:26.845"/>
</kw>
<status status="FAIL" starttime="20210611 16:11:15.676" endtime="20210611 16:11:26.846"/>
</kw>
<kw name="Finish TestCase" library="CommonFunctionality" type="TEARDOWN">
<kw name="Close All Browsers" library="SeleniumLibrary">
<doc>Closes all open browsers and resets the browser cache.</doc>
<msg timestamp="20210611 16:11:26.851" level="WARN">Retrying (Retry(total=2, connect=None, read=None, redirect=None, status=None)) after connection broken by 'NewConnectionError('&lt;urllib3.connection.HTTPConnection object at 0x1045af730&gt;: Failed to establish a new connection: [Errno 61] Connection refused')': /session/e506ead23fc3bf5d7db8f53a75b0ac54</msg>
<msg timestamp="20210611 16:11:26.852" level="WARN">Retrying (Retry(total=1, connect=None, read=None, redirect=None, status=None)) after connection broken by 'NewConnectionError('&lt;urllib3.connection.HTTPConnection object at 0x1045af460&gt;: Failed to establish a new connection: [Errno 61] Connection refused')': /session/e506ead23fc3bf5d7db8f53a75b0ac54</msg>
<msg timestamp="20210611 16:11:26.853" level="WARN">Retrying (Retry(total=0, connect=None, read=None, redirect=None, status=None)) after connection broken by 'NewConnectionError('&lt;urllib3.connection.HTTPConnection object at 0x104598ee0&gt;: Failed to establish a new connection: [Errno 61] Connection refused')': /session/e506ead23fc3bf5d7db8f53a75b0ac54</msg>
<status status="PASS" starttime="20210611 16:11:26.847" endtime="20210611 16:11:26.862"/>
</kw>
<status status="PASS" starttime="20210611 16:11:26.847" endtime="20210611 16:11:26.864"/>
</kw>
<status status="FAIL" starttime="20210611 16:11:12.456" endtime="20210611 16:11:26.865">Execution terminated by signal</status>
</test>
<status status="FAIL" starttime="20210611 16:11:12.244" endtime="20210611 16:11:26.870"/>
</suite>
<status status="FAIL" starttime="20210611 16:11:12.243" endtime="20210611 16:11:26.885"/>
</suite>
<status status="FAIL" starttime="20210611 16:11:12.224" endtime="20210611 16:11:26.887"/>
</suite>
<statistics>
<total>
<stat pass="0" fail="1" skip="0">All Tests</stat>
</total>
<tag>
</tag>
<suite>
<stat pass="0" fail="1" skip="0" id="s1" name="TestCases">TestCases</stat>
<stat pass="0" fail="1" skip="0" id="s1-s1" name="Assetnavigationtests">TestCases.Assetnavigationtests</stat>
<stat pass="0" fail="1" skip="0" id="s1-s1-s1" name="Differentmarketpublicassetnavigationtest">TestCases.Assetnavigationtests.Differentmarketpublicassetnavigationtest</stat>
</suite>
</statistics>
<errors>
<msg timestamp="20210611 16:11:26.819" level="WARN">Keyword 'Capture Page Screenshot' could not be run on failure: Execution terminated by signal</msg>
<msg timestamp="20210611 16:11:26.851" level="WARN">Retrying (Retry(total=2, connect=None, read=None, redirect=None, status=None)) after connection broken by 'NewConnectionError('&lt;urllib3.connection.HTTPConnection object at 0x1045af730&gt;: Failed to establish a new connection: [Errno 61] Connection refused')': /session/e506ead23fc3bf5d7db8f53a75b0ac54</msg>
<msg timestamp="20210611 16:11:26.852" level="WARN">Retrying (Retry(total=1, connect=None, read=None, redirect=None, status=None)) after connection broken by 'NewConnectionError('&lt;urllib3.connection.HTTPConnection object at 0x1045af460&gt;: Failed to establish a new connection: [Errno 61] Connection refused')': /session/e506ead23fc3bf5d7db8f53a75b0ac54</msg>
<msg timestamp="20210611 16:11:26.853" level="WARN">Retrying (Retry(total=0, connect=None, read=None, redirect=None, status=None)) after connection broken by 'NewConnectionError('&lt;urllib3.connection.HTTPConnection object at 0x104598ee0&gt;: Failed to establish a new connection: [Errno 61] Connection refused')': /session/e506ead23fc3bf5d7db8f53a75b0ac54</msg>
</errors>
</robot>
