<?xml version="1.0" encoding="UTF-8"?>
<robot generator="Robot 4.0.3 (Python 3.9.5 on darwin)" generated="20210611 16:11:12.085" rpa="false" schemaversion="2">
<suite id="s1" name="TestCases" source="/Users/hsreekum/PycharmProjects/DAMrobotAutomationframeworkone/TestCases">
<suite id="s1-s1" name="Assetnavigationtests" source="/Users/hsreekum/PycharmProjects/DAMrobotAutomationframeworkone/TestCases/Assetnavigationtests">
<suite id="s1-s1-s1" name="Publicassetnavigationtest" source="/Users/hsreekum/PycharmProjects/DAMrobotAutomationframeworkone/TestCases/Assetnavigationtests/Publicassetnavigationtest.robot">
<test id="s1-s1-s1-t1" name="Publicassetnavigationtest">
<kw name="Start TestCase" library="CommonFunctionality" type="SETUP">
<kw name="Open Browser" library="SeleniumLibrary">
<arg>https://google.com</arg>
<arg>headlesschrome</arg>
<doc>Opens a new browser instance to the optional ``url``.</doc>
<msg timestamp="20210611 16:11:12.480" level="INFO">Opening browser 'headlesschrome' to base url 'https://google.com'.</msg>
<status status="PASS" starttime="20210611 16:11:12.479" endtime="20210611 16:11:15.599"/>
</kw>
<kw name="Maximize Browser Window" library="SeleniumLibrary">
<doc>Maximizes current browser window.</doc>
<status status="PASS" starttime="20210611 16:11:15.600" endtime="20210611 16:11:15.704"/>
</kw>
<status status="PASS" starttime="20210611 16:11:12.479" endtime="20210611 16:11:15.705"/>
</kw>
<kw name="Open my url" library="LoginKeywords">
<arg>${SiteUrl}</arg>
<kw name="Go To" library="SeleniumLibrary">
<arg>${SiteUrl}</arg>
<doc>Navigates the current browser window to the provided ``url``.</doc>
<msg timestamp="20210611 16:11:15.706" level="INFO">Opening url 'https://emea-staging.cnidam.com'</msg>
<status status="PASS" starttime="20210611 16:11:15.706" endtime="20210611 16:11:18.673"/>
</kw>
<kw name="Maximize Browser Window" library="SeleniumLibrary">
<doc>Maximizes current browser window.</doc>
<status status="PASS" starttime="20210611 16:11:18.674" endtime="20210611 16:11:18.728"/>
</kw>
<status status="PASS" starttime="20210611 16:11:15.705" endtime="20210611 16:11:18.728"/>
</kw>
<kw name="Enter UserName" library="LoginKeywords">
<arg>${user}</arg>
<kw name="Wait Until Page Contains Element" library="SeleniumLibrary">
<arg>${txt_loginUserName_lctr}</arg>
<arg>timeout=30s</arg>
<doc>Waits until the element ``locator`` appears on the current page.</doc>
<status status="PASS" starttime="20210611 16:11:18.730" endtime="20210611 16:11:18.745"/>
</kw>
<kw name="Input Text" library="SeleniumLibrary">
<arg>${txt_loginUserName_lctr}</arg>
<arg>${username}</arg>
<doc>Types the given ``text`` into the text field identified by ``locator``.</doc>
<msg timestamp="20210611 16:11:18.746" level="INFO">Typing text 'uk-wired-piced@condenast.com' into text field 'id:idp-discovery-username'.</msg>
<status status="PASS" starttime="20210611 16:11:18.746" endtime="20210611 16:11:18.885"/>
</kw>
<kw name="Click Button" library="SeleniumLibrary">
<arg>${submitbutton_lctr}</arg>
<doc>Clicks the button identified by ``locator``.</doc>
<msg timestamp="20210611 16:11:18.886" level="INFO">Clicking button 'id:idp-discovery-submit'.</msg>
<status status="PASS" starttime="20210611 16:11:18.886" endtime="20210611 16:11:18.949"/>
</kw>
<status status="PASS" starttime="20210611 16:11:18.729" endtime="20210611 16:11:18.950"/>
</kw>
<kw name="Enter Password" library="LoginKeywords">
<arg>${pwd}</arg>
<kw name="Wait Until Page Contains Element" library="SeleniumLibrary">
<arg>${txt_loginps_lctr}</arg>
<arg>timeout=30s</arg>
<doc>Waits until the element ``locator`` appears on the current page.</doc>
<status status="PASS" starttime="20210611 16:11:18.951" endtime="20210611 16:11:20.429"/>
</kw>
<kw name="Input Text" library="SeleniumLibrary">
<arg>${txt_loginps_lctr}</arg>
<arg>${password}</arg>
<doc>Types the given ``text`` into the text field identified by ``locator``.</doc>
<msg timestamp="20210611 16:11:20.430" level="INFO">Typing text 'Tuesday2020!*' into text field 'class:password-with-toggle'.</msg>
<status status="PASS" starttime="20210611 16:11:20.430" endtime="20210611 16:11:20.491"/>
</kw>
<status status="PASS" starttime="20210611 16:11:18.951" endtime="20210611 16:11:20.493"/>
</kw>
<kw name="Click Verify" library="LoginKeywords">
<kw name="Wait Until Page Contains Element" library="SeleniumLibrary">
<arg>${txt_verify_lctr}</arg>
<arg>timeout=30s</arg>
<doc>Waits until the element ``locator`` appears on the current page.</doc>
<status status="PASS" starttime="20210611 16:11:20.494" endtime="20210611 16:11:20.502"/>
</kw>
<kw name="Click Button" library="SeleniumLibrary">
<arg>${txt_verify_lctr}</arg>
<doc>Clicks the button identified by ``locator``.</doc>
<msg timestamp="20210611 16:11:20.503" level="INFO">Clicking button 'css:input[class='button button-primary']'.</msg>
<status status="PASS" starttime="20210611 16:11:20.503" endtime="20210611 16:11:20.544"/>
</kw>
<status status="PASS" starttime="20210611 16:11:20.493" endtime="20210611 16:11:20.545"/>
</kw>
<kw name="Sleep" library="BuiltIn">
<arg>7s</arg>
<doc>Pauses the test executed for the given time.</doc>
<status status="FAIL" starttime="20210611 16:11:20.545" endtime="20210611 16:11:26.817"/>
</kw>
<kw name="Get Title" library="SeleniumLibrary">
<var>${act_title}</var>
<doc>Returns the title of the current page.</doc>
<status status="NOT RUN" starttime="20210611 16:11:26.819" endtime="20210611 16:11:26.819"/>
</kw>
<kw name="Run Keyword If" library="BuiltIn">
<arg>'${act_title}' == 'Staging EMEA | Welcome to AEM'</arg>
<arg>Verify successful login</arg>
<arg>ELSE</arg>
<arg>Verify unsuccessful login</arg>
<doc>Runs the given keyword with the given arguments, if ``condition`` is true.</doc>
<status status="NOT RUN" starttime="20210611 16:11:26.820" endtime="20210611 16:11:26.821"/>
</kw>
<kw name="Go to images page" library="BasicsearchKeywords">
<status status="NOT RUN" starttime="20210611 16:11:26.822" endtime="20210611 16:11:26.822"/>
</kw>
<kw name="Go to my folder tab" library="FeaturefolderKeywords">
<status status="NOT RUN" starttime="20210611 16:11:26.828" endtime="20210611 16:11:26.829"/>
</kw>
<kw name="Go to public folder" library="Publicassetnavigationkeywords">
<status status="NOT RUN" starttime="20210611 16:11:26.830" endtime="20210611 16:11:26.830"/>
</kw>
<kw name="Go to year folder" library="Publicassetnavigationkeywords">
<status status="NOT RUN" starttime="20210611 16:11:26.831" endtime="20210611 16:11:26.832"/>
</kw>
<kw name="Go to edition folder" library="Publicassetnavigationkeywords">
<status status="NOT RUN" starttime="20210611 16:11:26.833" endtime="20210611 16:11:26.833"/>
</kw>
<kw name="Go to print folder" library="Publicassetnavigationkeywords">
<status status="NOT RUN" starttime="20210611 16:11:26.833" endtime="20210611 16:11:26.834"/>
</kw>
<kw name="Go to section folder" library="Publicassetnavigationkeywords">
<status status="NOT RUN" starttime="20210611 16:11:26.834" endtime="20210611 16:11:26.835"/>
</kw>
<kw name="Go to layout folder" library="Publicassetnavigationkeywords">
<status status="NOT RUN" starttime="20210611 16:11:26.835" endtime="20210611 16:11:26.835"/>
</kw>
<kw name="Go to assetfolder" library="Publicassetnavigationkeywords">
<status status="NOT RUN" starttime="20210611 16:11:26.836" endtime="20210611 16:11:26.836"/>
</kw>
<kw name="Go to unknownfolder" library="Publicassetnavigationkeywords">
<status status="NOT RUN" starttime="20210611 16:11:26.837" endtime="20210611 16:11:26.837"/>
</kw>
<kw name="Go to ingestedfolder" library="Publicassetnavigationkeywords">
<status status="NOT RUN" starttime="20210611 16:11:26.838" endtime="20210611 16:11:26.838"/>
</kw>
<kw name="Go to asset" library="Publicassetnavigationkeywords">
<status status="NOT RUN" starttime="20210611 16:11:26.839" endtime="20210611 16:11:26.839"/>
</kw>
<kw name="Check asset thumbnail" library="Publicassetnavigationkeywords">
<status status="NOT RUN" starttime="20210611 16:11:26.840" endtime="20210611 16:11:26.840"/>
</kw>
<kw name="Check productiondigitallink is present on trunk" library="Publicassetnavigationkeywords">
<status status="NOT RUN" starttime="20210611 16:11:26.841" endtime="20210611 16:11:26.841"/>
</kw>
<kw name="Check downloadoriginalrenditionlink is present on trunk" library="Publicassetnavigationkeywords">
<status status="NOT RUN" starttime="20210611 16:11:26.842" endtime="20210611 16:11:26.842"/>
</kw>
<kw name="Expand branch" library="Publicassetnavigationkeywords">
<status status="NOT RUN" starttime="20210611 16:11:26.843" endtime="20210611 16:11:26.843"/>
</kw>
<kw name="Check branch thumbnail" library="Publicassetnavigationkeywords">
<status status="NOT RUN" starttime="20210611 16:11:26.844" endtime="20210611 16:11:26.844"/>
</kw>
<kw name="Check downloadproductionlink is present on branch" library="Publicassetnavigationkeywords">
<status status="NOT RUN" starttime="20210611 16:11:26.845" endtime="20210611 16:11:26.845"/>
</kw>
<kw name="Finish TestCase" library="CommonFunctionality" type="TEARDOWN">
<kw name="Close All Browsers" library="SeleniumLibrary">
<doc>Closes all open browsers and resets the browser cache.</doc>
<msg timestamp="20210611 16:11:26.848" level="WARN">Retrying (Retry(total=2, connect=None, read=None, redirect=None, status=None)) after connection broken by 'NewConnectionError('&lt;urllib3.connection.HTTPConnection object at 0x10f9344c0&gt;: Failed to establish a new connection: [Errno 61] Connection refused')': /session/2dd383807708324c50f1e1226346e8c3</msg>
<msg timestamp="20210611 16:11:26.850" level="WARN">Retrying (Retry(total=1, connect=None, read=None, redirect=None, status=None)) after connection broken by 'NewConnectionError('&lt;urllib3.connection.HTTPConnection object at 0x10f9fc940&gt;: Failed to establish a new connection: [Errno 61] Connection refused')': /session/2dd383807708324c50f1e1226346e8c3</msg>
<msg timestamp="20210611 16:11:26.852" level="WARN">Retrying (Retry(total=0, connect=None, read=None, redirect=None, status=None)) after connection broken by 'NewConnectionError('&lt;urllib3.connection.HTTPConnection object at 0x10f9fca90&gt;: Failed to establish a new connection: [Errno 61] Connection refused')': /session/2dd383807708324c50f1e1226346e8c3</msg>
<status status="PASS" starttime="20210611 16:11:26.847" endtime="20210611 16:11:26.862"/>
</kw>
<status status="PASS" starttime="20210611 16:11:26.846" endtime="20210611 16:11:26.864"/>
</kw>
<tag>Smoke</tag>
<status status="FAIL" starttime="20210611 16:11:12.478" endtime="20210611 16:11:26.865">Execution terminated by signal</status>
</test>
<status status="FAIL" starttime="20210611 16:11:12.244" endtime="20210611 16:11:26.870"/>
</suite>
<status status="FAIL" starttime="20210611 16:11:12.243" endtime="20210611 16:11:26.878"/>
</suite>
<status status="FAIL" starttime="20210611 16:11:12.224" endtime="20210611 16:11:26.881"/>
</suite>
<statistics>
<total>
<stat pass="0" fail="1" skip="0">All Tests</stat>
</total>
<tag>
<stat pass="0" fail="1" skip="0">Smoke</stat>
</tag>
<suite>
<stat pass="0" fail="1" skip="0" id="s1" name="TestCases">TestCases</stat>
<stat pass="0" fail="1" skip="0" id="s1-s1" name="Assetnavigationtests">TestCases.Assetnavigationtests</stat>
<stat pass="0" fail="1" skip="0" id="s1-s1-s1" name="Publicassetnavigationtest">TestCases.Assetnavigationtests.Publicassetnavigationtest</stat>
</suite>
</statistics>
<errors>
<msg timestamp="20210611 16:11:26.848" level="WARN">Retrying (Retry(total=2, connect=None, read=None, redirect=None, status=None)) after connection broken by 'NewConnectionError('&lt;urllib3.connection.HTTPConnection object at 0x10f9344c0&gt;: Failed to establish a new connection: [Errno 61] Connection refused')': /session/2dd383807708324c50f1e1226346e8c3</msg>
<msg timestamp="20210611 16:11:26.850" level="WARN">Retrying (Retry(total=1, connect=None, read=None, redirect=None, status=None)) after connection broken by 'NewConnectionError('&lt;urllib3.connection.HTTPConnection object at 0x10f9fc940&gt;: Failed to establish a new connection: [Errno 61] Connection refused')': /session/2dd383807708324c50f1e1226346e8c3</msg>
<msg timestamp="20210611 16:11:26.852" level="WARN">Retrying (Retry(total=0, connect=None, read=None, redirect=None, status=None)) after connection broken by 'NewConnectionError('&lt;urllib3.connection.HTTPConnection object at 0x10f9fca90&gt;: Failed to establish a new connection: [Errno 61] Connection refused')': /session/2dd383807708324c50f1e1226346e8c3</msg>
</errors>
</robot>
